[debug] [2021-01-12T01:25:42.108Z] ----------------------------------------------------------------------
[debug] [2021-01-12T01:25:42.110Z] Command:       C:\Program Files\nodejs\node.exe C:\Users\galar\AppData\Roaming\npm\node_modules\firebase-tools\lib\bin\firebase.js deploy --only hosting
[debug] [2021-01-12T01:25:42.110Z] CLI Version:   9.1.0
[debug] [2021-01-12T01:25:42.110Z] Platform:      win32
[debug] [2021-01-12T01:25:42.110Z] Node Version:  v12.16.3
[debug] [2021-01-12T01:25:42.111Z] Time:          Mon Jan 11 2021 20:25:42 GMT-0500 (GMT-05:00)
[debug] [2021-01-12T01:25:42.111Z] ----------------------------------------------------------------------
[debug] [2021-01-12T01:25:42.111Z] 
[debug] [2021-01-12T01:25:42.117Z] > command requires scopes: ["email","openid","https://www.googleapis.com/auth/cloudplatformprojects.readonly","https://www.googleapis.com/auth/firebase","https://www.googleapis.com/auth/cloud-platform"]
[debug] [2021-01-12T01:25:42.118Z] > authorizing via signed-in user
[debug] [2021-01-12T01:25:42.118Z] [iam] checking project disto-productos for permissions ["firebase.projects.get","firebasehosting.sites.update"]
[debug] [2021-01-12T01:25:42.120Z] > refreshing access token with scopes: ["email","https://www.googleapis.com/auth/cloud-platform","https://www.googleapis.com/auth/cloudplatformprojects.readonly","https://www.googleapis.com/auth/firebase","openid"]
[debug] [2021-01-12T01:25:42.120Z] >>> HTTP REQUEST POST https://www.googleapis.com/oauth2/v3/token  
 <request body omitted>
[debug] [2021-01-12T01:25:42.544Z] <<< HTTP RESPONSE 200 {"date":"Tue, 12 Jan 2021 01:25:41 GMT","expires":"Mon, 01 Jan 1990 00:00:00 GMT","pragma":"no-cache","cache-control":"no-cache, no-store, max-age=0, must-revalidate","content-type":"application/json; charset=utf-8","vary":"X-Origin, Referer, Origin,Accept-Encoding","server":"scaffolding on HTTPServer2","x-xss-protection":"0","x-frame-options":"SAMEORIGIN","x-content-type-options":"nosniff","alt-svc":"h3-29=\":443\"; ma=2592000,h3-T051=\":443\"; ma=2592000,h3-Q050=\":443\"; ma=2592000,h3-Q046=\":443\"; ma=2592000,h3-Q043=\":443\"; ma=2592000,quic=\":443\"; ma=2592000; v=\"46,43\"","accept-ranges":"none","transfer-encoding":"chunked"}
[debug] [2021-01-12T01:25:42.548Z] >>> HTTP REQUEST POST https://cloudresourcemanager.googleapis.com/v1/projects/disto-productos:testIamPermissions  
 {"permissions":["firebase.projects.get","firebasehosting.sites.update"]}
[debug] [2021-01-12T01:25:43.105Z] <<< HTTP RESPONSE 200 {"content-type":"application/json; charset=UTF-8","vary":"X-Origin, Referer, Origin,Accept-Encoding","date":"Tue, 12 Jan 2021 01:25:42 GMT","server":"ESF","cache-control":"private","x-xss-protection":"0","x-frame-options":"SAMEORIGIN","x-content-type-options":"nosniff","server-timing":"gfet4t7; dur=95","alt-svc":"h3-29=\":443\"; ma=2592000,h3-T051=\":443\"; ma=2592000,h3-Q050=\":443\"; ma=2592000,h3-Q046=\":443\"; ma=2592000,h3-Q043=\":443\"; ma=2592000,quic=\":443\"; ma=2592000; v=\"46,43\"","accept-ranges":"none","transfer-encoding":"chunked"}
[debug] [2021-01-12T01:25:43.106Z] >>> HTTP REQUEST GET https://firebase.googleapis.com/v1beta1/projects/disto-productos  
 
[debug] [2021-01-12T01:25:43.763Z] <<< HTTP RESPONSE 200 {"content-type":"application/json; charset=UTF-8","vary":"X-Origin, Referer, Origin,Accept-Encoding","date":"Tue, 12 Jan 2021 01:25:43 GMT","server":"ESF","cache-control":"private","x-xss-protection":"0","x-frame-options":"SAMEORIGIN","x-content-type-options":"nosniff","alt-svc":"h3-29=\":443\"; ma=2592000,h3-T051=\":443\"; ma=2592000,h3-Q050=\":443\"; ma=2592000,h3-Q046=\":443\"; ma=2592000,h3-Q043=\":443\"; ma=2592000,quic=\":443\"; ma=2592000; v=\"46,43\"","accept-ranges":"none","transfer-encoding":"chunked"}
